<?xml version="1.0" encoding="UTF-8"?>

<mule xmlns:ee="http://www.mulesoft.org/schema/mule/ee/core" xmlns:http="http://www.mulesoft.org/schema/mule/http"
	xmlns="http://www.mulesoft.org/schema/mule/core"
	xmlns:doc="http://www.mulesoft.org/schema/mule/documentation" xmlns:xsi="http://www.w3.org/2001/XMLSchema-instance" xsi:schemaLocation="http://www.mulesoft.org/schema/mule/core http://www.mulesoft.org/schema/mule/core/current/mule.xsd
http://www.mulesoft.org/schema/mule/http http://www.mulesoft.org/schema/mule/http/current/mule-http.xsd
http://www.mulesoft.org/schema/mule/ee/core http://www.mulesoft.org/schema/mule/ee/core/current/mule-ee.xsd">
	<http:listener-config name="HTTP_Listener_config" doc:name="HTTP Listener config" doc:id="e81467e0-fdab-4024-832a-e06ca37bcd19" >
		<http:listener-connection host="0.0.0.0" port="8081" />
	</http:listener-config>
	<flow name="test-linuxFlow" doc:id="e9df0b53-7471-4f1d-9ac5-cc98d78fab5d" >
		<http:listener doc:name="Listener" doc:id="21d93e64-ea79-44d1-a23c-ed512528d79b" config-ref="HTTP_Listener_config" path="/"/>
		<ee:transform doc:name="Transform Message" doc:id="a9559969-ae8a-45d2-b4a4-1f92f2fc23d2" >
			<ee:message >
				<ee:set-payload ><![CDATA[%dw 2.0
output application/json
---
{
	"message" : "success"
}]]></ee:set-payload>
			</ee:message>
		</ee:transform>
	</flow>
</mule>
